
[38;5;27mâ €â €â €â €â €â €â €â €â¢€â£â£¿â£¿â¢°â¡€â €â €â €[38;5;255m â €â €â €â €â €â €â €â €â €â €â €â €â €â €â €â €â €â €â €â €â €â €â €â €â €â €â €â €â €â €â €â €â €â €â €â €[38;5;255mâ €â €â €â €â €â €â €â €â €â €â €â €â €â €â €â €â €â €â €[0m
[38;5;27mâ €â €â €â €â €â¢€â£´â ¤â ¾â ›â ›â£¿â£¶â£‡â €â €â¡†[38;5;255m â €â €â €â €â €â €â €â €â €â €â €â €â €â €â €â €â €â €â €â €â €â €â €â €â €â €â €â €â €â €â €â €â €â €â €â €[38;5;255mâ €â €â €â €â €â €â €â €â €â €â €â €â €â €â €â €â €â €â €[0m
[38;5;27mâ¢°â£‹â¡³â¡„â €â¢¨â£­â¡€â €â¡¤â €â£€â£â¢¿â£¶â£¿â¡…[38;5;255m â €â €â €â €â €â €â €â €â €â €â €â €â €â €â €â €â €â €â €â €â €â €â €â €â €â €â €â €â €â €â €â €â €â €â €â €[38;5;255mâ €â €â €â €â €â €â €â €â €â €â €â €â €â €â €â €â €â €â €[0m
[38;5;27mâ¢¸â£¯â €â£‡â €â£¼â£¿â£¿â£†â¢·â£´â£¿â£¿â¡â£›â¡‰â €[38;5;255m â¢¸â£¿â£¿â£¿â£¿â£¿â£¿â¢¸â£¿â£¿â €â €â €â €â €â£¿â£¿â¡‡â£¿â£¿â£¿â£¿â£¿â£¿â£¿â¡‡â €â €â €â£¾â£¿â£¿â£§â €â €â €[38;5;255mâ¢¸â Ÿâ¢€â£´â£¿â£¿â£¿â£¿â£¦â¡€â£ â£¾â£¿â£¿â£¿â£¿â£¦â¡™â¢¿[0m
[38;5;27mâ €â ™â¢·â£®â¢¸â£¿â£¿â£¿â£¿â£·â£¯â£Ÿâ£â£¼â£·â£…â ¾[38;5;255m â¢¸â£¿â£‡â£€â£€â£€â €â¢¸â£¿â£¿â €â €â €â €â €â£¿â£¿â¡‡â €â €â €â£ â£¿â£¿â Ÿâ â €â €â£¼â£¿â¡Ÿâ£¿â£¿â£†â €â €[38;5;255mâ €â €â£¿â£¿â ‹â €â ˆâ »â£¿â¡‡â£¿â£¿â£…â£€â£€â¡›â ›â ƒâ €[0m
[38;5;27mâ €â €â €â â¢¸â£¿â£¿â£¿â£¿â£¿â£¿â£¿â£¿â£¿â£¿â ‹â €[38;5;255m â¢¸â£¿â¡¿â ¿â ¿â ¿â €â¢¸â£¿â£¿â €â €â €â €â €â£¿â£¿â¡‡â €â£ â£¾â£¿â Ÿâ â €â €â €â£°â£¿â£¿â£â£¸â£¿â£¿â¡„â €[38;5;255mâ €â €â£¿â£¿ â €â € â£¿â£¿â¢ˆâ£›â ¿â ¿â ¿â£¿â£·â¡„â €[0m
[38;5;27mâ €â €â €â €â ¸â£¿â£¿â£¿â£¿â£¿â£¿â£¿â£¿â£‰â¡Ÿâ €â €[38;5;255m â¢¸â£¿â£§â£¤â£¤â£¤â£¤â¢¸â£¿â£¿â£¦â£¤â£¤â£¤â¡„â£¿â£¿â¡‡â£¾â£¿â£¿â£§â£¤â£¤â£¤â¡„â¢°â£¿â£¿â Ÿâ ›â ›â »â£¿â£¿â¡„[38;5;255mâ¢ â¡€â »â£¿â£¿â£¦â£´â£¿â£¿â ‡â¢¿â£¿â£¦â£¤â£¤â£¿â£¿â ‡â£ [0m
[38;5;27mâ €â €â €â €â¢°â¡ˆâ ›â ¿â£¿â£¿â£¿â£¿â£¿â ‹â €  [38;5;255m â ˜â ›â ›â ›â ›â ›â ›â ˆâ ›â ›â ›â ›â ›â ›â ƒâ ›â ›â ƒâ ›â ›â ›â ›â ›â ›â ›â ƒâ ›â ›â ƒâ €â €â €â €â ™â ›â ƒ[38;5;255mâ ˜â ›â €â ˆâ ›â ›â ›â ›â â €â €â ™â ›â ›â ›â ›â â šâ ›[0m
[38;5;27mâ €â €â €â €â¢¸â£¿â¡¦â €â €â ‰â ›â ¿â ƒâ €â €â € [38;5;255m â €â €â €â €â €â €â €â €â €â €â €â €â €â €â €â €â €â €â €â €â €â €â €â €â €â €â €â €â €â €â €â €â €â €â €â €[38;5;255mâ €â €â €â €â €â €â €â €â €â €â €â €â €â €â €â €â €â €â €[0m

[38;5;51mVersion: 1.3.1[0m
[?25lâ”‚
â—’  Building project[999D[Jâ—  Building project[999D[Jâ—“  Building project[999D[Jâ—‘  Building project[999D[Jâ—’  Building project[999D[Jâ—  Building project[999D[Jâ—“  Building project[999D[Jâ—‘  Building project[999D[Jâ—’  Building project.[999D[Jâ—  Building project.[999D[Jâ—“  Building project.[999D[Jâ—‘  Building project.[999D[Jâ—’  Building project.[999D[Jâ—  Building project.[999D[Jâ—“  Building project.[999D[Jâ—‘  Building project.[999D[Jâ—’  Building project..[999D[Jâ—  Building project..[999D[Jâ—“  Building project..[999D[Jâ—‘  Building project..[999D[Jâ—’  Building project..[999D[Jâ—  Building project..[999D[Jâ—“  Building project..[999D[Jâ—‘  Building project..[999D[Jâ—’  Building project...[999D[Jâ—  Building project...[999D[Jâ—“  Building project...[999D[Jâ—‘  Building project...[999D[Jâ—’  Building project...[999D[Jâ—  Building project...[999D[Jâ—“  Building project...[999D[Jâ—‘  Building project...[999D[Jâ—’  Building project...[999D[Jâ—  Building project[999D[Jâ—“  Building project[999D[Jâ—‘  Building project[999D[Jâ—’  Building project[999D[Jâ—  Building project[999D[Jâ—“  Building project[999D[Jâ—‘  Building project[999D[Jâ—’  Building project[999D[Jâ—  Building project.[999D[Jâ—“  Building project.[999D[Jâ—‘  Building project.[999D[Jâ—’  Building project.[999D[Jâ—  Building project.[999D[Jâ—“  Building project.[999D[Jâ—‘  Building project.[999D[Jâ—’  Building project.[999D[Jâ—  Building project..[999D[Jâ—“  Building project..[999D[Jâ—‘  Building project..[999D[Jâ—’  Building project..[999D[Jâ—  Building project..[999D[Jâ—“  Building project..[999D[Jâ—‘  Building project..[999D[Jâ—’  Building project..[999D[Jâ—  Building project...[999D[Jâ—“  Building project...[999D[Jâ—‘  Building project...[999D[Jâ—’  Building project...[999D[Jâ—  Building project...[999D[Jâ—“  Building project...[999D[Jâ—‘  Building project...[999D[Jâ—’  Building project...[999D[Jâ—  Building project...[999D[Jâ—“  Building project[999D[Jâ—‘  Building project[999D[Jâ—’  Building project[999D[Jâ—  Building project[999D[Jâ—“  Building project[999D[Jâ—‘  Building project[999D[Jâ—’  Building project[999D[Jâ—  Building project[999D[Jâ—“  Building project.[999D[Jâ—‘  Building project.[999D[Jâ—’  Building project.[999D[Jâ—  Building project.[999D[Jâ—“  Building project.[999D[Jâ—‘  Building project.[999D[Jâ—’  Building project.[999D[Jâ—  Building project.[999D[Jâ—“  Building project..[999D[Jâ—‘  Building project..[999D[Jâ—’  Building project..[999D[Jâ—  Building project..[999D[Jâ—“  Building project..[999D[Jâ—‘  Building project..[999D[Jâ—’  Building project..[999D[Jâ—  Building project..[999D[Jâ—“  Building project...[999D[Jâ—‘  Building project...[999D[Jâ—’  Building project...[999D[Jâ—  Building project...[999D[Jâ—“  Building project...[999D[Jâ—‘  Building project...[999D[Jâ—’  Building project...[999D[Jâ—  Building project...[999D[Jâ—“  Building project...[999D[Jâ—‘  Building project[999D[Jâ—’  Building project[999D[Jâ—  Building project[999D[Jâ—“  Building project[999D[Jâ—‘  Building project[999D[Jâ—’  Building project[999D[Jâ—  Building project[999D[Jâ—“  Building project[999D[Jâ—‘  Building project.[999D[Jâ—’  Building project.[999D[Jâ—  Building project.[999D[Jâ—“  Building project.[999D[Jâ—‘  Building project.[999D[Jâ—’  Building project.[999D[Jâ—  Building project.[999D[Jâ—“  Building project.[999D[Jâ—‘  Building project..[999D[Jâ—’  Building project..[999D[Jâ—  Building project..[999D[Jâ—“  Building project..[999D[Jâ—‘  Building project..[999D[Jâ—’  Building project..[999D[Jâ—  Building project..[999D[Jâ—“  Building project..[999D[Jâ—‘  Building project...[999D[Jâ—’  Building project...[999D[Jâ—  Building project...[999D[Jâ—“  Building project...[999D[Jâ—‘  Building project...[999D[Jâ—’  Building project...[999D[Jâ—  Building project...[999D[Jâ—“  Building project...[999D[Jâ—‘  Building project...[999D[Jâ—’  Building project[999D[Jâ—  Building project[999D[Jâ—“  Building project[999D[Jâ—‘  Building project[999D[Jâ—’  Building project[999D[Jâ—  Building project[999D[Jâ—“  Building project[999D[Jâ—‘  Building project[999D[Jâ—’  Building project.[999D[Jâ—  Building project.[999D[Jâ—“  Building project.[999D[Jâ—‘  Building project.[999D[Jâ—’  Building project.[999D[Jâ—  Building project.[999D[Jâ—“  Building project.[999D[Jâ—‘  Building project.[999D[Jâ—’  Building project..[999D[Jâ—  Building project..[999D[Jâ—“  Building project..[999D[Jâ—‘  Building project..[999D[Jâ—’  Building project..[999D[Jâ—  Building project..[999D[Jâ—“  Building project..[999D[Jâ—‘  Building project..[999D[Jâ—’  Building project...[999D[Jâ—  Building project...[999D[Jâ—“  Building project...[999D[Jâ—‘  Building project...[999D[Jâ—’  Building project...[999D[Jâ—  Building project...[999D[Jâ—“  Building project...[999D[Jâ—‘  Building project...[999D[Jâ—’  Building project...[999D[Jâ—  Building project[999D[Jâ—“  Building project[999D[Jâ—‘  Building project[999D[Jâ—’  Building project[999D[Jâ—  Building project[999D[Jâ—“  Building project[999D[Jâ—‘  Building project[999D[Jâ—’  Building project[999D[Jâ—  Building project.[999D[Jâ—“  Building project.[999D[Jâ—‘  Building project.[999D[Jâ—’  Building project.[999D[Jâ—  Building project.[999D[Jâ—“  Building project.[999D[Jâ—‘  Building project.[999D[Jâ—’  Building project.[999D[Jâ—  Building project..[999D[Jâ—“  Building project..[999D[Jâ—‘  Building project..[999D[Jâ—’  Building project..[999D[Jâ—  Building project..[999D[Jâ—“  Building project..[999D[Jâ—‘  Building project..[999D[Jâ—’  Building project..[999D[Jâ—  Building project...[999D[Jâ—“  Building project...[999D[Jâ—‘  Building project...[999D[Jâ—’  Building project...[999D[Jâ—  Building project...[999D[Jâ—“  Building project...[999D[Jâ—‘  Building project...[999D[Jâ—’  Building project...[999D[Jâ—  Building project...[999D[Jâ—“  Building project[999D[Jâ—‘  Building project[999D[Jâ—’  Building project[999D[Jâ—  Building project[999D[Jâ—“  Building project[999D[Jâ—‘  Building project[999D[Jâ—’  Building project[999D[Jâ—  Building project[999D[Jâ—“  Building project.[999D[Jâ—‘  Building project.[999D[Jâ—’  Building project.[999D[Jâ—  Building project.[999D[Jâ—“  Building project.[999D[Jâ—‘  Building project.[999D[Jâ—’  Building project.[999D[Jâ—  Building project.[999D[Jâ—“  Building project..[999D[Jâ—‘  Building project..[999D[Jâ—’  Building project..[999D[Jâ—  Building project..[999D[Jâ—“  Building project..[999D[Jâ—‘  Building project..[999D[Jâ—’  Building project..[999D[Jâ—  Building project..[999D[Jâ—“  Building project...[999D[Jâ—‘  Building project...[999D[Jâ—’  Building project...[999D[Jâ—  Building project...[999D[Jâ—“  Building project...[999D[Jâ—‘  Building project...[999D[Jâ—’  Building project...[999D[Jâ—  Building project...[999D[Jâ—“  Building project...[999D[Jâ—‘  Building project[999D[Jâ—’  Building project[999D[Jâ—  Building project[999D[Jâ—“  Building project[999D[Jâ—‘  Building project[999D[Jâ—’  Building project[999D[Jâ—  Building project[999D[Jâ—“  Building project[999D[Jâ—‘  Building project.[999D[Jâ—’  Building project.[999D[Jâ—  Building project.[999D[Jâ—“  Building project.[999D[Jâ—‘  Building project.[999D[Jâ—’  Building project.[999D[Jâ—  Building project.[999D[Jâ—“  Building project.[999D[Jâ—‘  Building project..[999D[Jâ—’  Building project..[999D[Jâ—  Building project..[999D[Jâ—“  Building project..[999D[Jâ—‘  Building project..[999D[Jâ—’  Building project..[999D[Jâ—  Building project..[999D[Jâ—“  Building project..[999D[Jâ—‘  Building project...[999D[Jâ—’  Building project...[999D[Jâ—  Building project...[999D[Jâ—“  Building project...[999D[Jâ—‘  Building project...[999D[Jâ—’  Building project...[999D[Jâ—  Building project...[999D[Jâ—“  Building project...[999D[Jâ—‘  Building project...[999D[Jâ—’  Building project[999D[Jâ—  Building project[999D[Jâ—“  Building project[999D[Jâ—‘  Building project[999D[Jâ—’  Building project[999D[Jâ—  Building project[999D[Jâ—“  Building project[999D[Jâ—‘  Building project[999D[Jâ—’  Building project.[999D[Jâ—  Building project.[999D[Jâ—“  Building project.[999D[Jâ—‘  Building project.[999D[Jâ—’  Building project.[999D[Jâ—  Building project.[999D[Jâ—“  Building project.[999D[Jâ—‘  Building project.[999D[Jâ—’  Building project..[999D[Jâ—  Building project..[999D[Jâ—“  Building project..[999D[Jâ—‘  Building project..[999D[Jâ—’  Building project..[999D[Jâ—  Building project..[999D[Jâ—“  Building project..[999D[Jâ—‘  Building project..[999D[Jâ—’  Building project...[999D[Jâ—  Building project...[999D[Jâ—“  Building project...[999D[Jâ—‘  Building project...[999D[Jâ—’  Building project...[999D[Jâ—  Building project...[999D[Jâ—“  Building project...[999D[Jâ—‘  Building project...[999D[Jâ—’  Building project...[999D[Jâ—  Building project[999D[Jâ—“  Building project[999D[Jâ—‘  Building project[999D[Jâ—’  Building project[999D[Jâ—  Building project[999D[Jâ—“  Building project[999D[Jâ—‘  Building project[999D[Jâ—’  Building project[999D[Jâ—  Building project.[999D[Jâ—“  Building project.[999D[Jâ—‘  Building project.[999D[Jâ—’  Building project.[999D[Jâ—  Building project.[999D[Jâ—“  Building project.[999D[Jâ—‘  Building project.[999D[Jâ—’  Building project.[999D[Jâ—  Building project..[999D[Jâ—“  Building project..[999D[Jâ—‘  Building project..[999D[Jâ—’  Building project..[999D[Jâ—  Building project..[999D[Jâ—“  Building project..[999D[Jâ—‘  Building project..[999D[Jâ—’  Building project..[999D[Jâ—  Building project...[999D[Jâ—“  Building project...[999D[Jâ—‘  Building project...[999D[Jâ—’  Building project...[999D[Jâ—  Building project...[999D[Jâ—“  Building project...[999D[Jâ—‘  Building project...[999D[Jâ—’  Building project...[999D[Jâ—  Building project...[999D[Jâ—“  Building project[999D[Jâ—‘  Building project[999D[Jâ—’  Building project[999D[Jâ—  Building project[999D[Jâ—“  Building project[999D[Jâ—‘  Building project[999D[Jâ—’  Building project[999D[Jâ—  Building project[999D[Jâ—“  Building project.[999D[Jâ—‘  Building project.[999D[Jâ—’  Building project.[999D[Jâ—  Building project.[999D[Jâ—“  Building project.[999D[Jâ—‘  Building project.[999D[Jâ—’  Building project.[999D[Jâ—  Building project.[999D[Jâ—“  Building project..[999D[Jâ—‘  Building project..[999D[Jâ—’  Building project..[999D[Jâ—  Building project..[999D[Jâ—“  Building project..[999D[Jâ—‘  Building project..[999D[Jâ—’  Building project..[999D[Jâ—  Building project..[999D[Jâ—“  Building project...[999D[Jâ—‘  Building project...[999D[Jâ—’  Building project...[999D[Jâ—  Building project...[999D[Jâ—“  Building project...[999D[Jâ—‘  Building project...[999D[Jâ—’  Building project...[999D[Jâ—  Building project...[999D[Jâ—‡  [31mFailed to build project[39m
[?25h[2mstdout:[22m Creating an optimized production build...
 âœ“ Compiled successfully
   Skipping linting
   Checking validity of types...
[2mstderr:[22m $ next build
Failed to compile.

./backups/security-20250802_031856/security.backup/UniversalSecurityLayer.ts:335:28
Type error: Element implicitly has an 'any' type because expression of type 'string' can't be used to index type '{ Coach_B: { CRITICAL: string; HIGH: string; MEDIUM: string; }; Trainer_Reviva: { CRITICAL: string; HIGH: string; MEDIUM: string; }; Morgan_Reese: { CRITICAL: string; HIGH: string; MEDIUM: string; }; OC_Phil: { ...; }; Coach_Right: { ...; }; Dean: { ...; }; }'.
  No index signature with a parameter of type 'string' was found on type '{ Coach_B: { CRITICAL: string; HIGH: string; MEDIUM: string; }; Trainer_Reviva: { CRITICAL: string; HIGH: string; MEDIUM: string; }; Morgan_Reese: { CRITICAL: string; HIGH: string; MEDIUM: string; }; OC_Phil: { ...; }; Coach_Right: { ...; }; Dean: { ...; }; }'.

[0m [90m 333 | [39m    originalResponse[33m:[39m string[33m,[39m[0m
[0m [90m 334 | [39m  )[33m:[39m string {[0m
[0m[31m[1m>[22m[39m[90m 335 | [39m    [36mconst[39m agentResponses [33m=[39m [36mthis[39m[33m.[39magentSecurityResponses[agentId][33m;[39m[0m
[0m [90m     | [39m                           [31m[1m^[22m[39m[0m
[0m [90m 336 | [39m[0m
[0m [90m 337 | [39m    [36mif[39m ([33m![39magentResponses) {[0m
[0m [90m 338 | [39m      [90m// Fallback for unknown agents[39m[0m
error: script "build" exited with code 1
[2025-08-02 09:28:05] ERROR: [36mBuild error: Failed to build project: $ next build
Failed to compile.

./backups/security-20250802_031856/security.backup/UniversalSecurityLayer.ts:335:28
Type error: Element implicitly has an 'any' type because expression of type 'string' can't be used to index type '{ Coach_B: { CRITICAL: string; HIGH: string; MEDIUM: string; }; Trainer_Reviva: { CRITICAL: string; HIGH: string; MEDIUM: string; }; Morgan_Reese: { CRITICAL: string; HIGH: string; MEDIUM: string; }; OC_Phil: { ...; }; Coach_Right: { ...; }; Dean: { ...; }; }'.
  No index signature with a parameter of type 'string' was found on type '{ Coach_B: { CRITICAL: string; HIGH: string; MEDIUM: string; }; Trainer_Reviva: { CRITICAL: string; HIGH: string; MEDIUM: string; }; Morgan_Reese: { CRITICAL: string; HIGH: string; MEDIUM: string; }; OC_Phil: { ...; }; Coach_Right: { ...; }; Dean: { ...; }; }'.

[0m [90m 333 | [36m    originalResponse[33m:[36m string[33m,[36m[0m
[0m [90m 334 | [36m  )[33m:[36m string {[0m
[0m[31m[1m>[22m[36m[90m 335 | [36m    [36mconst[36m agentResponses [33m=[36m [36mthis[36m[33m.[36magentSecurityResponses[agentId][33m;[36m[0m
[0m [90m     | [36m                           [31m[1m^[22m[36m[0m
[0m [90m 336 | [36m[0m
[0m [90m 337 | [36m    [36mif[36m ([33m![36magentResponses) {[0m
[0m [90m 338 | [36m      [90m// Fallback for unknown agents[36m[0m
error: script "build" exited with code 1[39m
[2025-08-02 09:28:05] WARN: [36mBuild failed, but continuing with start. Some features may not work correctly.[39m
[2025-08-02 09:28:05] INFO: [36mUsing global @elizaos/server installation[39m
[2025-08-02 09:28:05] INFO: [36mLoaded @elizaos/server from global installation[39m
[2025-08-02 09:28:05] INFO: [36mSuccessfully loaded character from: /home/ekazee/projects/Games/characters/coach-b.json[39m
[2025-08-02 09:28:05] INFO: [36mSuccessfully loaded character: Coach B[39m
[2025-08-02 09:28:05] INFO: [36m[INIT] Database Dir for SQL plugin: /home/ekazee/projects/Games/.eliza/.elizadb[39m
[2025-08-02 09:28:05] INFO: [36m[INIT] Running database migrations for messaging tables...[39m
[2025-08-02 09:28:05] INFO: [36mDatabaseMigrationService initialized with database[39m
[2025-08-02 09:28:05] INFO: [36mRegistered schema for plugin: @elizaos/plugin-sql[39m
[2025-08-02 09:28:05] INFO: [36mDiscovered 1 plugin schemas out of 1 plugins[39m
[2025-08-02 09:28:05] INFO: [36mRunning migrations for 1 plugins...[39m
[2025-08-02 09:28:05] INFO: [36mStarting migration for plugin: @elizaos/plugin-sql[39m
[2025-08-02 09:28:07] INFO: [36mAll plugin migrations completed.[39m
[2025-08-02 09:28:07] INFO: [36m[INIT] Ensuring default server exists...[39m
[2025-08-02 09:28:07] INFO: [36m[AgentServer] Checking for default server...[39m
[2025-08-02 09:28:07] INFO: [36m[AgentServer] Default server already exists with ID: 00000000-0000-0000-0000-000000000000[39m
[2025-08-02 09:28:07] WARN: [36mServer authentication is disabled. Set ELIZA_SERVER_AUTH_TOKEN environment variable to enable.[39m
[2025-08-02 09:28:07] INFO: [36mWeb UI enabled[39m
[2025-08-02 09:28:07] INFO: [36m[STATIC] Found client files at: /home/ekazee/node_modules/@elizaos/server/dist/client[39m
[2025-08-02 09:28:07] INFO: [36m[STATIC] Serving static files from: /home/ekazee/node_modules/@elizaos/server/dist/client[39m
[2025-08-02 09:28:07] INFO: [36m[SocketIO] Router initialized with 0 agents[39m
[2025-08-02 09:28:07] INFO: [36m[SocketIO] Setting up Socket.IO event listeners[39m
[2025-08-02 09:28:07] INFO: [36m[SocketIO] Registered message types: 1: ROOM_JOINING, 2: SEND_MESSAGE, 3: MESSAGE, 4: ACK, 5: THINKING, 6: CONTROL, ROOM_JOINING: 1, SEND_MESSAGE: 2, MESSAGE: 3, ACK: 4, THINKING: 5, CONTROL: 6[39m
[32mStartup successful!
Go to the dashboard at [1mhttp://localhost:3000[22m[0m
AgentServer is listening on port 3000
[2025-08-02 09:28:08] WARN: [36mFailed to load plugin module 'elizaos-plugin-faq' using all relevant strategies.[39m
[2025-08-02 09:28:08] INFO: [36mPlugin elizaos-plugin-faq not available, installing...[39m
[2025-08-02 09:28:08] WARN: [36mPlugin elizaos-plugin-faq not found in registry cache, attempting direct installation[39m
[2025-08-02 09:28:28] WARN: [36mInstallation failed for elizaos-plugin-faq: Bun command failed with exit code 1: [0.03ms] ".env.local", ".env"
[31.73ms] migrated lockfile from package-lock.json
Resolving dependencies
Resolved, downloaded and extracted [101]
error: GET https://registry.npmjs.org/elizaos-plugin-faq - 404[39m
[2025-08-02 09:28:28] WARN: [36mInstallation failed for plugin [39m
[2025-08-02 09:28:28] WARN: [36mFailed to load plugin module 'elizaos-plugin-faq' using all relevant strategies.[39m
[2025-08-02 09:28:28] ERROR: [36mFailed to load module for plugin elizaos-plugin-faq.[39m
[2025-08-02 09:28:28] WARN: [36mFailed to load plugin module 'elizaos-plugin-discord' using all relevant strategies.[39m
[2025-08-02 09:28:28] INFO: [36mPlugin elizaos-plugin-discord not available, installing...[39m
[2025-08-02 09:28:28] WARN: [36mPlugin elizaos-plugin-discord not found in registry cache, attempting direct installation[39m
[2025-08-02 09:28:28] WARN: [36mInstallation failed for elizaos-plugin-discord: Bun command failed with exit code 1: [0.03ms] ".env.local", ".env"
[16.54ms] migrated lockfile from package-lock.json
Resolving dependencies
Resolved, downloaded and extracted [1]
error: GET https://registry.npmjs.org/elizaos-plugin-discord - 404[39m
[2025-08-02 09:28:28] WARN: [36mInstallation failed for plugin [39m
[2025-08-02 09:28:28] WARN: [36mFailed to load plugin module 'elizaos-plugin-discord' using all relevant strategies.[39m
[2025-08-02 09:28:28] ERROR: [36mFailed to load module for plugin elizaos-plugin-discord.[39m
[2025-08-02 09:28:28] WARN: [36mFailed to load plugin module 'elizaos-plugin-telegram' using all relevant strategies.[39m
[2025-08-02 09:28:28] INFO: [36mPlugin elizaos-plugin-telegram not available, installing...[39m
[2025-08-02 09:28:28] WARN: [36mPlugin elizaos-plugin-telegram not found in registry cache, attempting direct installation[39m
[2025-08-02 09:28:29] WARN: [36mInstallation failed for elizaos-plugin-telegram: Bun command failed with exit code 1: [0.02ms] ".env.local", ".env"
[16.43ms] migrated lockfile from package-lock.json
Resolving dependencies
Resolved, downloaded and extracted [1]
error: GET https://registry.npmjs.org/elizaos-plugin-telegram - 404[39m
[2025-08-02 09:28:29] WARN: [36mInstallation failed for plugin [39m
[2025-08-02 09:28:29] WARN: [36mFailed to load plugin module 'elizaos-plugin-telegram' using all relevant strategies.[39m
[2025-08-02 09:28:29] ERROR: [36mFailed to load module for plugin elizaos-plugin-telegram.[39m
[2025-08-02 09:28:29] WARN: [36mFailed to load plugin module 'elizaos-plugin-sql' using all relevant strategies.[39m
[2025-08-02 09:28:29] INFO: [36mPlugin elizaos-plugin-sql not available, installing...[39m
[2025-08-02 09:28:29] WARN: [36mPlugin elizaos-plugin-sql not found in registry cache, attempting direct installation[39m
[2025-08-02 09:28:29] WARN: [36mInstallation failed for elizaos-plugin-sql: Bun command failed with exit code 1: [0.02ms] ".env.local", ".env"
[19.05ms] migrated lockfile from package-lock.json
Resolving dependencies
Resolved, downloaded and extracted [1]
error: GET https://registry.npmjs.org/elizaos-plugin-sql - 404[39m
[2025-08-02 09:28:29] WARN: [36mInstallation failed for plugin [39m
[2025-08-02 09:28:29] WARN: [36mFailed to load plugin module 'elizaos-plugin-sql' using all relevant strategies.[39m
[2025-08-02 09:28:29] ERROR: [36mFailed to load module for plugin elizaos-plugin-sql.[39m
[2025-08-02 09:28:29] WARN: [36mFailed to load plugin module './lib/security/plugin/index.js' using all relevant strategies.[39m
[2025-08-02 09:28:29] INFO: [36mPlugin ./lib/security/plugin/index.js not available, installing...[39m
[2025-08-02 09:28:29] WARN: [36mPlugin ./lib/security/plugin/index.js not found in registry cache, attempting direct installation[39m
[2025-08-02 09:28:29] WARN: [36mInstallation failed for ./lib/security/plugin/index.js: Bun command failed with exit code 1: [0.02ms] ".env.local", ".env"
[18.08ms] migrated lockfile from package-lock.json
error: Bun could not find a package.json file to install from
note: Run "bun init" to initialize a project[39m
[2025-08-02 09:28:29] WARN: [36mInstallation failed for plugin [39m
[2025-08-02 09:28:29] WARN: [36mFailed to load plugin module './lib/security/plugin/index.js' using all relevant strategies.[39m
[2025-08-02 09:28:29] ERROR: [36mFailed to load module for plugin ./lib/security/plugin/index.js.[39m
[2025-08-02 09:28:29] INFO: [36mFinal plugins being loaded: @elizaos/plugin-sql[39m
[2025-08-02 09:28:29] INFO: [36mplugin-sql init starting...[39m
[2025-08-02 09:28:29] INFO: [36mDatabase adapter created and registered[39m
[2025-08-02 09:28:29] WARN: [36mDatabaseMigrationService not found - plugin schema migrations skipped[39m
[2025-08-02 09:28:29] INFO: [36m[Coach B] MessageBusService: Subscribing to internal message bus for 'new_message', 'message_deleted', and 'channel_cleared' events.[39m
[2025-08-02 04:28:29.878 -0500] [32mINFO[39m: [36mRunning plugin migrations...[39m
    [35magentName[39m: "Coach B"
    [35mlogLevel[39m: "info"
[2025-08-02 04:28:29.879 -0500] [32mINFO[39m: [36mFound 1 plugins with schemas to migrate.[39m
    [35magentName[39m: "Coach B"
    [35mlogLevel[39m: "info"
[2025-08-02 04:28:29.879 -0500] [32mINFO[39m: [36mRunning migrations for plugin: @elizaos/plugin-sql[39m
    [35magentName[39m: "Coach B"
    [35mlogLevel[39m: "info"
[2025-08-02 04:28:29.879 -0500] [32mINFO[39m: [36mSuccessfully migrated plugin: @elizaos/plugin-sql[39m
    [35magentName[39m: "Coach B"
    [35mlogLevel[39m: "info"
[2025-08-02 04:28:29.879 -0500] [32mINFO[39m: [36mPlugin migrations completed.[39m
    [35magentName[39m: "Coach B"
    [35mlogLevel[39m: "info"
[2025-08-02 04:28:29.934 -0500] [33mWARN[39m: [36m[AgentRuntime][Coach B] No TEXT_EMBEDDING model registered. Skipping embedding dimension setup.[39m
    [35magentName[39m: "Coach B"
    [35mlogLevel[39m: "info"
[2025-08-02 09:28:29] INFO: [36m[Coach B] MessageBusService: Agent is subscribed to 1 servers (including default server)[39m
[2025-08-02 09:28:29] INFO: [36m[Coach B] MessageBusService: Fetched 0 channels from server 00000000-0000-0000-0000-000000000000[39m
[2025-08-02 09:28:29] INFO: [36m[Coach B] MessageBusService: Loaded 0 valid channel IDs from 1 servers (including default server)[39m
[2025-08-02 09:28:29] INFO: [36m[AgentServer] Automatically registered MessageBusConnector for agent Coach B[39m
[2025-08-02 09:28:29] INFO: [36m[AgentServer] Auto-associated agent Coach B with server ID: 00000000-0000-0000-0000-000000000000[39m
