
[38;5;27m⠀⠀⠀⠀⠀⠀⠀⠀⢀⣐⣿⣿⢰⡀⠀⠀⠀[38;5;255m ⠀⠀⠀⠀⠀⠀⠀⠀⠀⠀⠀⠀⠀⠀⠀⠀⠀⠀⠀⠀⠀⠀⠀⠀⠀⠀⠀⠀⠀⠀⠀⠀⠀⠀⠀⠀[38;5;255m⠀⠀⠀⠀⠀⠀⠀⠀⠀⠀⠀⠀⠀⠀⠀⠀⠀⠀⠀[0m
[38;5;27m⠀⠀⠀⠀⠀⢀⣴⠤⠾⠛⠛⣿⣶⣇⠀⠀⡆[38;5;255m ⠀⠀⠀⠀⠀⠀⠀⠀⠀⠀⠀⠀⠀⠀⠀⠀⠀⠀⠀⠀⠀⠀⠀⠀⠀⠀⠀⠀⠀⠀⠀⠀⠀⠀⠀⠀[38;5;255m⠀⠀⠀⠀⠀⠀⠀⠀⠀⠀⠀⠀⠀⠀⠀⠀⠀⠀⠀[0m
[38;5;27m⢰⣋⡳⡄⠀⢨⣭⡀⠀⡤⠀⣀⣝⢿⣶⣿⡅[38;5;255m ⠀⠀⠀⠀⠀⠀⠀⠀⠀⠀⠀⠀⠀⠀⠀⠀⠀⠀⠀⠀⠀⠀⠀⠀⠀⠀⠀⠀⠀⠀⠀⠀⠀⠀⠀⠀[38;5;255m⠀⠀⠀⠀⠀⠀⠀⠀⠀⠀⠀⠀⠀⠀⠀⠀⠀⠀⠀[0m
[38;5;27m⢸⣯⠀⣇⠀⣼⣿⣿⣆⢷⣴⣿⣿⡏⣛⡉⠀[38;5;255m ⢸⣿⣿⣿⣿⣿⣿⢸⣿⣿⠀⠀⠀⠀⠀⣿⣿⡇⣿⣿⣿⣿⣿⣿⣿⡇⠀⠀⠀⣾⣿⣿⣧⠀⠀⠀[38;5;255m⢸⠟⢀⣴⣿⣿⣿⣿⣦⡀⣠⣾⣿⣿⣿⣿⣦⡙⢿[0m
[38;5;27m⠀⠙⢷⣮⢸⣿⣿⣿⣿⣷⣯⣟⣏⣼⣷⣅⠾[38;5;255m ⢸⣿⣇⣀⣀⣀⠀⢸⣿⣿⠀⠀⠀⠀⠀⣿⣿⡇⠀⠀⠀⣠⣿⣿⠟⠁⠀⠀⣼⣿⡟⣿⣿⣆⠀⠀[38;5;255m⠀⠀⣿⣿⠋⠀⠈⠻⣿⡇⣿⣿⣅⣀⣀⡛⠛⠃⠀[0m
[38;5;27m⠀⠀⠀⠁⢸⣿⣿⣿⣿⣿⣿⣿⣿⣿⣿⠋⠀[38;5;255m ⢸⣿⡿⠿⠿⠿⠀⢸⣿⣿⠀⠀⠀⠀⠀⣿⣿⡇⠀⣠⣾⣿⠟⠁⠀⠀⠀⣰⣿⣿⣁⣸⣿⣿⡄⠀[38;5;255m⠀⠀⣿⣿ ⠀⠀ ⣿⣿⢈⣛⠿⠿⠿⣿⣷⡄⠀[0m
[38;5;27m⠀⠀⠀⠀⠸⣿⣿⣿⣿⣿⣿⣿⣿⣉⡟⠀⠀[38;5;255m ⢸⣿⣧⣤⣤⣤⣤⢸⣿⣿⣦⣤⣤⣤⡄⣿⣿⡇⣾⣿⣿⣧⣤⣤⣤⡄⢰⣿⣿⠟⠛⠛⠻⣿⣿⡄[38;5;255m⢠⡀⠻⣿⣿⣦⣴⣿⣿⠇⢿⣿⣦⣤⣤⣿⣿⠇⣠[0m
[38;5;27m⠀⠀⠀⠀⢰⡈⠛⠿⣿⣿⣿⣿⣿⠋⠀  [38;5;255m ⠘⠛⠛⠛⠛⠛⠛⠈⠛⠛⠛⠛⠛⠛⠃⠛⠛⠃⠛⠛⠛⠛⠛⠛⠛⠃⠛⠛⠃⠀⠀⠀⠀⠙⠛⠃[38;5;255m⠘⠛⠀⠈⠛⠛⠛⠛⠁⠀⠀⠙⠛⠛⠛⠛⠁⠚⠛[0m
[38;5;27m⠀⠀⠀⠀⢸⣿⡦⠀⠀⠉⠛⠿⠃⠀⠀⠀ [38;5;255m ⠀⠀⠀⠀⠀⠀⠀⠀⠀⠀⠀⠀⠀⠀⠀⠀⠀⠀⠀⠀⠀⠀⠀⠀⠀⠀⠀⠀⠀⠀⠀⠀⠀⠀⠀⠀[38;5;255m⠀⠀⠀⠀⠀⠀⠀⠀⠀⠀⠀⠀⠀⠀⠀⠀⠀⠀⠀[0m

[38;5;51mVersion: 1.3.1[0m
[?25l│
◒  Building project[999D[J◐  Building project[999D[J◓  Building project[999D[J◑  Building project[999D[J◒  Building project[999D[J◐  Building project[999D[J◓  Building project[999D[J◑  Building project[999D[J◒  Building project.[999D[J◐  Building project.[999D[J◓  Building project.[999D[J◑  Building project.[999D[J◒  Building project.[999D[J◐  Building project.[999D[J◓  Building project.[999D[J◑  Building project.[999D[J◒  Building project..[999D[J◐  Building project..[999D[J◓  Building project..[999D[J◑  Building project..[999D[J◒  Building project..[999D[J◐  Building project..[999D[J◓  Building project..[999D[J◑  Building project..[999D[J◒  Building project...[999D[J◐  Building project...[999D[J◓  Building project...[999D[J◑  Building project...[999D[J◒  Building project...[999D[J◐  Building project...[999D[J◓  Building project...[999D[J◑  Building project...[999D[J◒  Building project...[999D[J◐  Building project[999D[J◓  Building project[999D[J◑  Building project[999D[J◒  Building project[999D[J◐  Building project[999D[J◓  Building project[999D[J◑  Building project[999D[J◒  Building project[999D[J◐  Building project.[999D[J◓  Building project.[999D[J◑  Building project.[999D[J◒  Building project.[999D[J◐  Building project.[999D[J◓  Building project.[999D[J◑  Building project.[999D[J◒  Building project.[999D[J◐  Building project..[999D[J◓  Building project..[999D[J◑  Building project..[999D[J◒  Building project..[999D[J◐  Building project..[999D[J◓  Building project..[999D[J◑  Building project..[999D[J◒  Building project..[999D[J◐  Building project...[999D[J◓  Building project...[999D[J◑  Building project...[999D[J◒  Building project...[999D[J◐  Building project...[999D[J◓  Building project...[999D[J◑  Building project...[999D[J◒  Building project...[999D[J◐  Building project...[999D[J◓  Building project[999D[J◑  Building project[999D[J◒  Building project[999D[J◐  Building project[999D[J◓  Building project[999D[J◑  Building project[999D[J◒  Building project[999D[J◐  Building project[999D[J◓  Building project.[999D[J◑  Building project.[999D[J◒  Building project.[999D[J◐  Building project.[999D[J◓  Building project.[999D[J◑  Building project.[999D[J◒  Building project.[999D[J◐  Building project.[999D[J◓  Building project..[999D[J◑  Building project..[999D[J◒  Building project..[999D[J◐  Building project..[999D[J◓  Building project..[999D[J◑  Building project..[999D[J◒  Building project..[999D[J◐  Building project..[999D[J◓  Building project...[999D[J◑  Building project...[999D[J◒  Building project...[999D[J◐  Building project...[999D[J◓  Building project...[999D[J◑  Building project...[999D[J◒  Building project...[999D[J◐  Building project...[999D[J◓  Building project...[999D[J◑  Building project[999D[J◒  Building project[999D[J◐  Building project[999D[J◓  Building project[999D[J◑  Building project[999D[J◒  Building project[999D[J◐  Building project[999D[J◓  Building project[999D[J◑  Building project.[999D[J◒  Building project.[999D[J◐  Building project.[999D[J◓  Building project.[999D[J◑  Building project.[999D[J◒  Building project.[999D[J◐  Building project.[999D[J◓  Building project.[999D[J◑  Building project..[999D[J◒  Building project..[999D[J◐  Building project..[999D[J◓  Building project..[999D[J◑  Building project..[999D[J◒  Building project..[999D[J◐  Building project..[999D[J◓  Building project..[999D[J◑  Building project...[999D[J◒  Building project...[999D[J◐  Building project...[999D[J◓  Building project...[999D[J◑  Building project...[999D[J◒  Building project...[999D[J◐  Building project...[999D[J◓  Building project...[999D[J◑  Building project...[999D[J◒  Building project[999D[J◐  Building project[999D[J◓  Building project[999D[J◑  Building project[999D[J◒  Building project[999D[J◐  Building project[999D[J◓  Building project[999D[J◑  Building project[999D[J◒  Building project.[999D[J◐  Building project.[999D[J◓  Building project.[999D[J◑  Building project.[999D[J◒  Building project.[999D[J◐  Building project.[999D[J◓  Building project.[999D[J◑  Building project.[999D[J◒  Building project..[999D[J◐  Building project..[999D[J◓  Building project..[999D[J◑  Building project..[999D[J◒  Building project..[999D[J◐  Building project..[999D[J◓  Building project..[999D[J◑  Building project..[999D[J◒  Building project...[999D[J◐  Building project...[999D[J◓  Building project...[999D[J◑  Building project...[999D[J◒  Building project...[999D[J◐  Building project...[999D[J◓  Building project...[999D[J◑  Building project...[999D[J◒  Building project...[999D[J◐  Building project[999D[J◓  Building project[999D[J◑  Building project[999D[J◒  Building project[999D[J◐  Building project[999D[J◓  Building project[999D[J◑  Building project[999D[J◒  Building project[999D[J◐  Building project.[999D[J◓  Building project.[999D[J◑  Building project.[999D[J◒  Building project.[999D[J◐  Building project.[999D[J◓  Building project.[999D[J◑  Building project.[999D[J◒  Building project.[999D[J◐  Building project..[999D[J◓  Building project..[999D[J◑  Building project..[999D[J◒  Building project..[999D[J◐  Building project..[999D[J◓  Building project..[999D[J◑  Building project..[999D[J◒  Building project..[999D[J◐  Building project...[999D[J◓  Building project...[999D[J◑  Building project...[999D[J◒  Building project...[999D[J◐  Building project...[999D[J◓  Building project...[999D[J◑  Building project...[999D[J◒  Building project...[999D[J◐  Building project...[999D[J◓  Building project[999D[J◑  Building project[999D[J◒  Building project[999D[J◐  Building project[999D[J◓  Building project[999D[J◑  Building project[999D[J◒  Building project[999D[J◐  Building project[999D[J◓  Building project.[999D[J◑  Building project.[999D[J◒  Building project.[999D[J◐  Building project.[999D[J◓  Building project.[999D[J◑  Building project.[999D[J◒  Building project.[999D[J◐  Building project.[999D[J◓  Building project..[999D[J◑  Building project..[999D[J◒  Building project..[999D[J◐  Building project..[999D[J◓  Building project..[999D[J◑  Building project..[999D[J◒  Building project..[999D[J◐  Building project..[999D[J◓  Building project...[999D[J◑  Building project...[999D[J◒  Building project...[999D[J◐  Building project...[999D[J◓  Building project...[999D[J◑  Building project...[999D[J◒  Building project...[999D[J◐  Building project...[999D[J◓  Building project...[999D[J◑  Building project[999D[J◒  Building project[999D[J◐  Building project[999D[J◓  Building project[999D[J◑  Building project[999D[J◒  Building project[999D[J◐  Building project[999D[J◓  Building project[999D[J◑  Building project.[999D[J◒  Building project.[999D[J◐  Building project.[999D[J◓  Building project.[999D[J◑  Building project.[999D[J◒  Building project.[999D[J◐  Building project.[999D[J◓  Building project.[999D[J◑  Building project..[999D[J◒  Building project..[999D[J◐  Building project..[999D[J◓  Building project..[999D[J◑  Building project..[999D[J◒  Building project..[999D[J◐  Building project..[999D[J◓  Building project..[999D[J◑  Building project...[999D[J◒  Building project...[999D[J◐  Building project...[999D[J◓  Building project...[999D[J◑  Building project...[999D[J◒  Building project...[999D[J◐  Building project...[999D[J◓  Building project...[999D[J◑  Building project...[999D[J◒  Building project[999D[J◐  Building project[999D[J◓  Building project[999D[J◑  Building project[999D[J◒  Building project[999D[J◐  Building project[999D[J◓  Building project[999D[J◑  Building project[999D[J◒  Building project.[999D[J◐  Building project.[999D[J◓  Building project.[999D[J◑  Building project.[999D[J◒  Building project.[999D[J◐  Building project.[999D[J◓  Building project.[999D[J◑  Building project.[999D[J◒  Building project..[999D[J◐  Building project..[999D[J◓  Building project..[999D[J◑  Building project..[999D[J◒  Building project..[999D[J◐  Building project..[999D[J◓  Building project..[999D[J◑  Building project..[999D[J◒  Building project...[999D[J◐  Building project...[999D[J◓  Building project...[999D[J◑  Building project...[999D[J◒  Building project...[999D[J◐  Building project...[999D[J◓  Building project...[999D[J◑  Building project...[999D[J◒  Building project...[999D[J◐  Building project[999D[J◓  Building project[999D[J◑  Building project[999D[J◒  Building project[999D[J◐  Building project[999D[J◓  Building project[999D[J◑  Building project[999D[J◒  Building project[999D[J◐  Building project.[999D[J◓  Building project.[999D[J◑  Building project.[999D[J◒  Building project.[999D[J◐  Building project.[999D[J◓  Building project.[999D[J◑  Building project.[999D[J◒  Building project.[999D[J◐  Building project..[999D[J◓  Building project..[999D[J◑  Building project..[999D[J◒  Building project..[999D[J◐  Building project..[999D[J◓  Building project..[999D[J◑  Building project..[999D[J◒  Building project..[999D[J◐  Building project...[999D[J◓  Building project...[999D[J◑  Building project...[999D[J◒  Building project...[999D[J◐  Building project...[999D[J◓  Building project...[999D[J◑  Building project...[999D[J◒  Building project...[999D[J◐  Building project...[999D[J◓  Building project[999D[J◑  Building project[999D[J◒  Building project[999D[J◐  Building project[999D[J◓  Building project[999D[J◑  Building project[999D[J◒  Building project[999D[J◐  Building project[999D[J◓  Building project.[999D[J◑  Building project.[999D[J◒  Building project.[999D[J◐  Building project.[999D[J◓  Building project.[999D[J◑  Building project.[999D[J◒  Building project.[999D[J◐  Building project.[999D[J◓  Building project..[999D[J◑  Building project..[999D[J◒  Building project..[999D[J◐  Building project..[999D[J◓  Building project..[999D[J◑  Building project..[999D[J◒  Building project..[999D[J◐  Building project..[999D[J◓  Building project...[999D[J◑  Building project...[999D[J◒  Building project...[999D[J◐  Building project...[999D[J◓  Building project...[999D[J◑  Building project...[999D[J◒  Building project...[999D[J◐  Building project...[999D[J◓  Building project...[999D[J◑  Building project[999D[J◒  Building project[999D[J◐  Building project[999D[J◓  Building project[999D[J◑  Building project[999D[J◒  Building project[999D[J◐  Building project[999D[J◓  Building project[999D[J◑  Building project.[999D[J◒  Building project.[999D[J◐  Building project.[999D[J◓  Building project.[999D[J◑  Building project.[999D[J◒  Building project.[999D[J◐  Building project.[999D[J◓  Building project.[999D[J◑  Building project..[999D[J◒  Building project..[999D[J◐  Building project..[999D[J◓  Building project..[999D[J◑  Building project..[999D[J◒  Building project..[999D[J◐  Building project..[999D[J◓  Building project..[999D[J◑  Building project...[999D[J◒  Building project...[999D[J◐  Building project...[999D[J◓  Building project...[999D[J◑  Building project...[999D[J◒  Building project...[999D[J◐  Building project...[999D[J◓  Building project...[999D[J◇  [31mFailed to build project[39m
[?25h[2mstdout:[22m Creating an optimized production build...
 ✓ Compiled successfully
   Skipping linting
   Checking validity of types...
[2mstderr:[22m $ next build
Failed to compile.

app/help/page.tsx
Type error: File '/home/ekazee/projects/Games/app/help/page.tsx' is not a module.

error: script "build" exited with code 1
[2025-08-02 09:28:13] ERROR: [36mBuild error: Failed to build project: $ next build
Failed to compile.

app/help/page.tsx
Type error: File '/home/ekazee/projects/Games/app/help/page.tsx' is not a module.

error: script "build" exited with code 1[39m
[2025-08-02 09:28:13] WARN: [36mBuild failed, but continuing with start. Some features may not work correctly.[39m
[2025-08-02 09:28:13] INFO: [36mUsing global @elizaos/server installation[39m
[2025-08-02 09:28:13] INFO: [36mLoaded @elizaos/server from global installation[39m
[2025-08-02 09:28:13] INFO: [36mSuccessfully loaded character from: /home/ekazee/projects/Games/characters/dean.json[39m
[2025-08-02 09:28:13] INFO: [36mSuccessfully loaded character: Dean[39m
[2025-08-02 09:28:13] INFO: [36m[INIT] Database Dir for SQL plugin: /home/ekazee/projects/Games/.eliza/.elizadb[39m
[2025-08-02 09:28:13] INFO: [36m[INIT] Running database migrations for messaging tables...[39m
[2025-08-02 09:28:13] INFO: [36mDatabaseMigrationService initialized with database[39m
[2025-08-02 09:28:13] INFO: [36mRegistered schema for plugin: @elizaos/plugin-sql[39m
[2025-08-02 09:28:13] INFO: [36mDiscovered 1 plugin schemas out of 1 plugins[39m
[2025-08-02 09:28:13] INFO: [36mRunning migrations for 1 plugins...[39m
[2025-08-02 09:28:13] INFO: [36mStarting migration for plugin: @elizaos/plugin-sql[39m
[2025-08-02 09:28:14] INFO: [36mAll plugin migrations completed.[39m
[2025-08-02 09:28:14] INFO: [36m[INIT] Ensuring default server exists...[39m
[2025-08-02 09:28:14] INFO: [36m[AgentServer] Checking for default server...[39m
[2025-08-02 09:28:14] INFO: [36m[AgentServer] Default server already exists with ID: 00000000-0000-0000-0000-000000000000[39m
[2025-08-02 09:28:14] WARN: [36mServer authentication is disabled. Set ELIZA_SERVER_AUTH_TOKEN environment variable to enable.[39m
[2025-08-02 09:28:14] INFO: [36mWeb UI enabled[39m
[2025-08-02 09:28:14] INFO: [36m[STATIC] Found client files at: /home/ekazee/node_modules/@elizaos/server/dist/client[39m
[2025-08-02 09:28:14] INFO: [36m[STATIC] Serving static files from: /home/ekazee/node_modules/@elizaos/server/dist/client[39m
[2025-08-02 09:28:14] INFO: [36m[SocketIO] Router initialized with 0 agents[39m
[2025-08-02 09:28:14] INFO: [36m[SocketIO] Setting up Socket.IO event listeners[39m
[2025-08-02 09:28:14] INFO: [36m[SocketIO] Registered message types: 1: ROOM_JOINING, 2: SEND_MESSAGE, 3: MESSAGE, 4: ACK, 5: THINKING, 6: CONTROL, ROOM_JOINING: 1, SEND_MESSAGE: 2, MESSAGE: 3, ACK: 4, THINKING: 5, CONTROL: 6[39m
[32mStartup successful!
Go to the dashboard at [1mhttp://localhost:3001[22m[0m
AgentServer is listening on port 3001
[2025-08-02 09:28:15] WARN: [36mFailed to load plugin module 'elizaos-plugin-security' using all relevant strategies.[39m
[2025-08-02 09:28:15] INFO: [36mPlugin elizaos-plugin-security not available, installing...[39m
[2025-08-02 09:28:15] WARN: [36mPlugin elizaos-plugin-security not found in registry cache, attempting direct installation[39m
[2025-08-02 09:28:19] WARN: [36mInstallation failed for elizaos-plugin-security: Bun command failed with exit code 1: [0.03ms] ".env.local", ".env"
[23.89ms] migrated lockfile from package-lock.json
Resolving dependencies
Resolved, downloaded and extracted [40]
error: GET https://registry.npmjs.org/elizaos-plugin-security - 404[39m
[2025-08-02 09:28:19] WARN: [36mInstallation failed for plugin [39m
[2025-08-02 09:28:19] WARN: [36mFailed to load plugin module 'elizaos-plugin-security' using all relevant strategies.[39m
[2025-08-02 09:28:19] ERROR: [36mFailed to load module for plugin elizaos-plugin-security.[39m
[2025-08-02 09:28:19] WARN: [36mFailed to load plugin module 'elizaos-plugin-sql' using all relevant strategies.[39m
[2025-08-02 09:28:19] INFO: [36mPlugin elizaos-plugin-sql not available, installing...[39m
[2025-08-02 09:28:19] WARN: [36mPlugin elizaos-plugin-sql not found in registry cache, attempting direct installation[39m
[2025-08-02 09:28:19] WARN: [36mInstallation failed for elizaos-plugin-sql: Bun command failed with exit code 1: [0.04ms] ".env.local", ".env"
[25.26ms] migrated lockfile from package-lock.json
Resolving dependencies
Resolved, downloaded and extracted [1]
error: GET https://registry.npmjs.org/elizaos-plugin-sql - 404[39m
[2025-08-02 09:28:19] WARN: [36mInstallation failed for plugin [39m
[2025-08-02 09:28:19] WARN: [36mFailed to load plugin module 'elizaos-plugin-sql' using all relevant strategies.[39m
[2025-08-02 09:28:19] ERROR: [36mFailed to load module for plugin elizaos-plugin-sql.[39m
[2025-08-02 09:28:19] WARN: [36mFailed to load plugin module 'elizaos-plugin-discord' using all relevant strategies.[39m
[2025-08-02 09:28:19] INFO: [36mPlugin elizaos-plugin-discord not available, installing...[39m
[2025-08-02 09:28:19] WARN: [36mPlugin elizaos-plugin-discord not found in registry cache, attempting direct installation[39m
[2025-08-02 09:28:20] WARN: [36mInstallation failed for elizaos-plugin-discord: Bun command failed with exit code 1: [0.06ms] ".env.local", ".env"
[27.43ms] migrated lockfile from package-lock.json
Resolving dependencies
Resolved, downloaded and extracted [1]
error: GET https://registry.npmjs.org/elizaos-plugin-discord - 404[39m
[2025-08-02 09:28:20] WARN: [36mInstallation failed for plugin [39m
[2025-08-02 09:28:20] WARN: [36mFailed to load plugin module 'elizaos-plugin-discord' using all relevant strategies.[39m
[2025-08-02 09:28:20] ERROR: [36mFailed to load module for plugin elizaos-plugin-discord.[39m
[2025-08-02 09:28:20] WARN: [36mFailed to load plugin module './lib/security/plugin/index.js' using all relevant strategies.[39m
[2025-08-02 09:28:20] INFO: [36mPlugin ./lib/security/plugin/index.js not available, installing...[39m
[2025-08-02 09:28:20] WARN: [36mPlugin ./lib/security/plugin/index.js not found in registry cache, attempting direct installation[39m
[2025-08-02 09:28:20] WARN: [36mInstallation failed for ./lib/security/plugin/index.js: Bun command failed with exit code 1: [0.03ms] ".env.local", ".env"
[25.38ms] migrated lockfile from package-lock.json
error: Bun could not find a package.json file to install from
note: Run "bun init" to initialize a project[39m
[2025-08-02 09:28:20] WARN: [36mInstallation failed for plugin [39m
[2025-08-02 09:28:20] WARN: [36mFailed to load plugin module './lib/security/plugin/index.js' using all relevant strategies.[39m
[2025-08-02 09:28:20] ERROR: [36mFailed to load module for plugin ./lib/security/plugin/index.js.[39m
[2025-08-02 09:28:20] INFO: [36mFinal plugins being loaded: @elizaos/plugin-sql[39m
[2025-08-02 09:28:20] INFO: [36mplugin-sql init starting...[39m
[2025-08-02 09:28:20] INFO: [36mDatabase adapter created and registered[39m
[2025-08-02 09:28:20] WARN: [36mDatabaseMigrationService not found - plugin schema migrations skipped[39m
[2025-08-02 09:28:20] INFO: [36m[Dean] MessageBusService: Subscribing to internal message bus for 'new_message', 'message_deleted', and 'channel_cleared' events.[39m
[2025-08-02 09:28:20] INFO: [36m[Dean] MessageBusService: Agent is subscribed to 1 servers (including default server)[39m
[2025-08-02 09:28:20] INFO: [36m[Dean] MessageBusService: Fetched 0 channels from server 00000000-0000-0000-0000-000000000000[39m
[2025-08-02 04:28:20.380 -0500] [32mINFO[39m: [36mRunning plugin migrations...[39m
    [35magentName[39m: "Dean"
    [35mlogLevel[39m: "info"
[2025-08-02 04:28:20.381 -0500] [32mINFO[39m: [36mFound 1 plugins with schemas to migrate.[39m
    [35magentName[39m: "Dean"
    [35mlogLevel[39m: "info"
[2025-08-02 04:28:20.381 -0500] [32mINFO[39m: [36mRunning migrations for plugin: @elizaos/plugin-sql[39m
    [35magentName[39m: "Dean"
    [35mlogLevel[39m: "info"
[2025-08-02 04:28:20.381 -0500] [32mINFO[39m: [36mSuccessfully migrated plugin: @elizaos/plugin-sql[39m
    [35magentName[39m: "Dean"
    [35mlogLevel[39m: "info"
[2025-08-02 04:28:20.381 -0500] [32mINFO[39m: [36mPlugin migrations completed.[39m
    [35magentName[39m: "Dean"
    [35mlogLevel[39m: "info"
[2025-08-02 04:28:20.485 -0500] [33mWARN[39m: [36m[AgentRuntime][Dean] No TEXT_EMBEDDING model registered. Skipping embedding dimension setup.[39m
    [35magentName[39m: "Dean"
    [35mlogLevel[39m: "info"
[2025-08-02 09:28:20] INFO: [36m[Dean] MessageBusService: Loaded 0 valid channel IDs from 1 servers (including default server)[39m
[2025-08-02 09:28:20] INFO: [36m[AgentServer] Automatically registered MessageBusConnector for agent Dean[39m
[2025-08-02 09:28:20] INFO: [36m[AgentServer] Auto-associated agent Dean with server ID: 00000000-0000-0000-0000-000000000000[39m
