
> football-squares@0.1.0 dev /home/new-msi/workspace/fsq
> next dev

   ▲ Next.js 15.4.5
   - Local:        http://localhost:3003
   - Network:      http://10.0.2.15:3003
   - Environments: .env.local, .env

 ✓ Starting...
 ✓ Ready in 8.8s
 ○ Compiling / ...
 ✓ Compiled / in 78.3s (10484 modules)
Unknown network: undefined, defaulting to testnet
 GET / 200 in 83951ms
 ✓ Compiled in 9.1s (5080 modules)
Unknown network: undefined, defaulting to testnet
 GET / 200 in 249ms
 ⚠ Cross origin request detected from bore.pub to /_next/* resource. In a future major version of Next.js, you will need to explicitly configure "allowedDevOrigins" in next.config to allow this.
Read more: https://nextjs.org/docs/app/api-reference/config/next-config-js/allowedDevOrigins
 ○ Compiling /_not-found ...
 ✓ Compiled /_not-found in 2.7s (10475 modules)
Unknown network: undefined, defaulting to testnet
 GET /testing/index.html 404 in 3157ms
Unknown network: undefined, defaulting to testnet
 GET / 200 in 1819ms
 ⚠ Found a change in next.config.js. Restarting the server to apply the changes...
   ▲ Next.js 15.4.5
   - Local:        http://localhost:3003
   - Network:      http://10.0.2.15:3003
   - Environments: .env.local, .env
   - Experiments (use with caution):
     ✓ optimizeCss
     · optimizePackageImports

 ✓ Starting...
 ✓ Ready in 15.3s
 ○ Compiling /testing ...
 ✓ Compiled /testing in 201.9s (10484 modules)
Unknown network: undefined, defaulting to testnet
 ○ Compiling / ...
 ✓ Compiled / in 30.9s (10500 modules)
Unknown network: undefined, defaulting to testnet
 GET / 200 in 33776ms
Unknown network: undefined, defaulting to testnet
 GET / 200 in 954ms
 ⚠ Cross origin request detected from 165012e50a8c.ngrok-free.app to /_next/* resource. In a future major version of Next.js, you will need to explicitly configure "allowedDevOrigins" in next.config to allow this.
Read more: https://nextjs.org/docs/app/api-reference/config/next-config-js/allowedDevOrigins
Unknown network: undefined, defaulting to testnet
 GET / 200 in 197ms
 ⚠ Cross origin request detected from bore.pub to /_next/* resource. In a future major version of Next.js, you will need to explicitly configure "allowedDevOrigins" in next.config to allow this.
Read more: https://nextjs.org/docs/app/api-reference/config/next-config-js/allowedDevOrigins
