[Wed 20 Aug 2025 09:37:13 AM CDT] Starting server monitor...
[Wed 20 Aug 2025 09:37:13 AM CDT] Initial service check...
[Wed 20 Aug 2025 09:39:24 AM CDT] Bore PID file missing, starting tunnel...
[Wed 20 Aug 2025 09:39:25 AM CDT] Bore started with PID: 10656
[Wed 20 Aug 2025 09:44:35 AM CDT] Bore PID file missing, starting tunnel...
[Wed 20 Aug 2025 09:44:35 AM CDT] Bore started with PID: 12639
[Wed 20 Aug 2025 09:45:36 AM CDT] Next.js server crashed, restarting...
[Wed 20 Aug 2025 09:45:36 AM CDT] Next.js restarted with PID: 13096
[Wed 20 Aug 2025 09:46:46 AM CDT] Next.js server crashed, restarting...
[Wed 20 Aug 2025 09:46:46 AM CDT] Next.js restarted with PID: 13684
[Wed 20 Aug 2025 11:55:50 PM CDT] Starting server monitor...
[Wed 20 Aug 2025 11:55:51 PM CDT] Initial service check...
[Wed 20 Aug 2025 11:55:51 PM CDT] Next.js server crashed, restarting...
[Wed 20 Aug 2025 11:55:51 PM CDT] Next.js restarted with PID: 72402
[Wed 20 Aug 2025 11:57:01 PM CDT] Next.js server crashed, restarting...
[Wed 20 Aug 2025 11:57:01 PM CDT] Next.js restarted with PID: 73515
[Wed 20 Aug 2025 11:58:11 PM CDT] Next.js server crashed, restarting...
[Wed 20 Aug 2025 11:58:11 PM CDT] Next.js restarted with PID: 74303
[Wed 20 Aug 2025 11:59:22 PM CDT] Next.js server crashed, restarting...
[Wed 20 Aug 2025 11:59:22 PM CDT] Next.js restarted with PID: 75278
[Thu 21 Aug 2025 12:00:32 AM CDT] Next.js server crashed, restarting...
[Thu 21 Aug 2025 12:00:32 AM CDT] Next.js restarted with PID: 76256
[Thu 21 Aug 2025 12:01:43 AM CDT] Next.js server crashed, restarting...
[Thu 21 Aug 2025 12:01:43 AM CDT] Next.js restarted with PID: 77161
[Thu 21 Aug 2025 12:02:53 AM CDT] Next.js server crashed, restarting...
[Thu 21 Aug 2025 12:02:53 AM CDT] Next.js restarted with PID: 77943
[Thu 21 Aug 2025 12:04:03 AM CDT] Next.js server crashed, restarting...
[Thu 21 Aug 2025 12:04:03 AM CDT] Next.js restarted with PID: 78946
[Thu 21 Aug 2025 12:05:13 AM CDT] Next.js server crashed, restarting...
[Thu 21 Aug 2025 12:05:13 AM CDT] Next.js restarted with PID: 80105
[Thu 21 Aug 2025 12:06:23 AM CDT] Next.js server crashed, restarting...
[Thu 21 Aug 2025 12:06:23 AM CDT] Next.js restarted with PID: 81137
[Thu 21 Aug 2025 12:07:33 AM CDT] Next.js server crashed, restarting...
[Thu 21 Aug 2025 12:07:33 AM CDT] Next.js restarted with PID: 82297
[Thu 21 Aug 2025 12:08:44 AM CDT] Next.js server crashed, restarting...
[Thu 21 Aug 2025 12:08:44 AM CDT] Next.js restarted with PID: 83133
[Thu 21 Aug 2025 12:09:54 AM CDT] Next.js server crashed, restarting...
[Thu 21 Aug 2025 12:09:54 AM CDT] Next.js restarted with PID: 83914
[Thu 21 Aug 2025 12:11:04 AM CDT] Next.js server crashed, restarting...
[Thu 21 Aug 2025 12:11:04 AM CDT] Next.js restarted with PID: 84706
[Thu 21 Aug 2025 12:12:14 AM CDT] Next.js server crashed, restarting...
[Thu 21 Aug 2025 12:12:15 AM CDT] Next.js restarted with PID: 85489
