
[38;5;27mâ €â €â €â €â €â €â €â €â¢€â£â£¿â£¿â¢°â¡€â €â €â €[38;5;255m â €â €â €â €â €â €â €â €â €â €â €â €â €â €â €â €â €â €â €â €â €â €â €â €â €â €â €â €â €â €â €â €â €â €â €â €[38;5;255mâ €â €â €â €â €â €â €â €â €â €â €â €â €â €â €â €â €â €â €[0m
[38;5;27mâ €â €â €â €â €â¢€â£´â ¤â ¾â ›â ›â£¿â£¶â£‡â €â €â¡†[38;5;255m â €â €â €â €â €â €â €â €â €â €â €â €â €â €â €â €â €â €â €â €â €â €â €â €â €â €â €â €â €â €â €â €â €â €â €â €[38;5;255mâ €â €â €â €â €â €â €â €â €â €â €â €â €â €â €â €â €â €â €[0m
[38;5;27mâ¢°â£‹â¡³â¡„â €â¢¨â£­â¡€â €â¡¤â €â£€â£â¢¿â£¶â£¿â¡…[38;5;255m â €â €â €â €â €â €â €â €â €â €â €â €â €â €â €â €â €â €â €â €â €â €â €â €â €â €â €â €â €â €â €â €â €â €â €â €[38;5;255mâ €â €â €â €â €â €â €â €â €â €â €â €â €â €â €â €â €â €â €[0m
[38;5;27mâ¢¸â£¯â €â£‡â €â£¼â£¿â£¿â£†â¢·â£´â£¿â£¿â¡â£›â¡‰â €[38;5;255m â¢¸â£¿â£¿â£¿â£¿â£¿â£¿â¢¸â£¿â£¿â €â €â €â €â €â£¿â£¿â¡‡â£¿â£¿â£¿â£¿â£¿â£¿â£¿â¡‡â €â €â €â£¾â£¿â£¿â£§â €â €â €[38;5;255mâ¢¸â Ÿâ¢€â£´â£¿â£¿â£¿â£¿â£¦â¡€â£ â£¾â£¿â£¿â£¿â£¿â£¦â¡™â¢¿[0m
[38;5;27mâ €â ™â¢·â£®â¢¸â£¿â£¿â£¿â£¿â£·â£¯â£Ÿâ£â£¼â£·â£…â ¾[38;5;255m â¢¸â£¿â£‡â£€â£€â£€â €â¢¸â£¿â£¿â €â €â €â €â €â£¿â£¿â¡‡â €â €â €â£ â£¿â£¿â Ÿâ â €â €â£¼â£¿â¡Ÿâ£¿â£¿â£†â €â €[38;5;255mâ €â €â£¿â£¿â ‹â €â ˆâ »â£¿â¡‡â£¿â£¿â£…â£€â£€â¡›â ›â ƒâ €[0m
[38;5;27mâ €â €â €â â¢¸â£¿â£¿â£¿â£¿â£¿â£¿â£¿â£¿â£¿â£¿â ‹â €[38;5;255m â¢¸â£¿â¡¿â ¿â ¿â ¿â €â¢¸â£¿â£¿â €â €â €â €â €â£¿â£¿â¡‡â €â£ â£¾â£¿â Ÿâ â €â €â €â£°â£¿â£¿â£â£¸â£¿â£¿â¡„â €[38;5;255mâ €â €â£¿â£¿ â €â € â£¿â£¿â¢ˆâ£›â ¿â ¿â ¿â£¿â£·â¡„â €[0m
[38;5;27mâ €â €â €â €â ¸â£¿â£¿â£¿â£¿â£¿â£¿â£¿â£¿â£‰â¡Ÿâ €â €[38;5;255m â¢¸â£¿â£§â£¤â£¤â£¤â£¤â¢¸â£¿â£¿â£¦â£¤â£¤â£¤â¡„â£¿â£¿â¡‡â£¾â£¿â£¿â£§â£¤â£¤â£¤â¡„â¢°â£¿â£¿â Ÿâ ›â ›â »â£¿â£¿â¡„[38;5;255mâ¢ â¡€â »â£¿â£¿â£¦â£´â£¿â£¿â ‡â¢¿â£¿â£¦â£¤â£¤â£¿â£¿â ‡â£ [0m
[38;5;27mâ €â €â €â €â¢°â¡ˆâ ›â ¿â£¿â£¿â£¿â£¿â£¿â ‹â €  [38;5;255m â ˜â ›â ›â ›â ›â ›â ›â ˆâ ›â ›â ›â ›â ›â ›â ƒâ ›â ›â ƒâ ›â ›â ›â ›â ›â ›â ›â ƒâ ›â ›â ƒâ €â €â €â €â ™â ›â ƒ[38;5;255mâ ˜â ›â €â ˆâ ›â ›â ›â ›â â €â €â ™â ›â ›â ›â ›â â šâ ›[0m
[38;5;27mâ €â €â €â €â¢¸â£¿â¡¦â €â €â ‰â ›â ¿â ƒâ €â €â € [38;5;255m â €â €â €â €â €â €â €â €â €â €â €â €â €â €â €â €â €â €â €â €â €â €â €â €â €â €â €â €â €â €â €â €â €â €â €â €[38;5;255mâ €â €â €â €â €â €â €â €â €â €â €â €â €â €â €â €â €â €â €[0m

[38;5;51mVersion: 1.3.1[0m
[?25lâ”‚
â—’  Building project[999D[Jâ—  Building project[999D[Jâ—“  Building project[999D[Jâ—‘  Building project[999D[Jâ—’  Building project[999D[Jâ—  Building project[999D[Jâ—“  Building project[999D[Jâ—‘  Building project[999D[Jâ—’  Building project.[999D[Jâ—  Building project.[999D[Jâ—“  Building project.[999D[Jâ—‘  Building project.[999D[Jâ—’  Building project.[999D[Jâ—  Building project.[999D[Jâ—“  Building project.[999D[Jâ—‘  Building project.[999D[Jâ—’  Building project..[999D[Jâ—  Building project..[999D[Jâ—“  Building project..[999D[Jâ—‘  Building project..[999D[Jâ—’  Building project..[999D[Jâ—  Building project..[999D[Jâ—“  Building project..[999D[Jâ—‘  Building project..[999D[Jâ—’  Building project...[999D[Jâ—  Building project...[999D[Jâ—“  Building project...[999D[Jâ—‘  Building project...[999D[Jâ—’  Building project...[999D[Jâ—  Building project...[999D[Jâ—“  Building project...[999D[Jâ—‘  Building project...[999D[Jâ—’  Building project...[999D[Jâ—  Building project[999D[Jâ—“  Building project[999D[Jâ—‘  Building project[999D[Jâ—’  Building project[999D[Jâ—  Building project[999D[Jâ—“  Building project[999D[Jâ—‘  Building project[999D[Jâ—’  Building project[999D[Jâ—  Building project.[999D[Jâ—“  Building project.[999D[Jâ—‘  Building project.[999D[Jâ—’  Building project.[999D[Jâ—  Building project.[999D[Jâ—“  Building project.[999D[Jâ—‘  Building project.[999D[Jâ—’  Building project.[999D[Jâ—  Building project..[999D[Jâ—“  Building project..[999D[Jâ—‘  Building project..[999D[Jâ—’  Building project..[999D[Jâ—  Building project..[999D[Jâ—“  Building project..[999D[Jâ—‘  Building project..[999D[Jâ—’  Building project..[999D[Jâ—  Building project...[999D[Jâ—“  Building project...[999D[Jâ—‘  Building project...[999D[Jâ—’  Building project...[999D[Jâ—  Building project...[999D[Jâ—“  Building project...[999D[Jâ—‘  Building project...[999D[Jâ—’  Building project...[999D[Jâ—  Building project...[999D[Jâ—“  Building project[999D[Jâ—‘  Building project[999D[Jâ—’  Building project[999D[Jâ—  Building project[999D[Jâ—“  Building project[999D[Jâ—‘  Building project[999D[Jâ—’  Building project[999D[Jâ—  Building project[999D[Jâ—“  Building project.[999D[Jâ—‘  Building project.[999D[Jâ—’  Building project.[999D[Jâ—  Building project.[999D[Jâ—“  Building project.[999D[Jâ—‘  Building project.[999D[Jâ—’  Building project.[999D[Jâ—  Building project.[999D[Jâ—“  Building project..[999D[Jâ—‘  Building project..[999D[Jâ—’  Building project..[999D[Jâ—  Building project..[999D[Jâ—“  Building project..[999D[Jâ—‘  Building project..[999D[Jâ—’  Building project..[999D[Jâ—  Building project..[999D[Jâ—“  Building project...[999D[Jâ—‘  Building project...[999D[Jâ—’  Building project...[999D[Jâ—  Building project...[999D[Jâ—“  Building project...[999D[Jâ—‘  Building project...[999D[Jâ—’  Building project...[999D[Jâ—  Building project...[999D[Jâ—“  Building project...[999D[Jâ—‘  Building project[999D[Jâ—’  Building project[999D[Jâ—  Building project[999D[Jâ—“  Building project[999D[Jâ—‘  Building project[999D[Jâ—’  Building project[999D[Jâ—  Building project[999D[Jâ—“  Building project[999D[Jâ—‘  Building project.[999D[Jâ—’  Building project.[999D[Jâ—  Building project.[999D[Jâ—“  Building project.[999D[Jâ—‘  Building project.[999D[Jâ—’  Building project.[999D[Jâ—  Building project.[999D[Jâ—“  Building project.[999D[Jâ—‘  Building project..[999D[Jâ—’  Building project..[999D[Jâ—  Building project..[999D[Jâ—“  Building project..[999D[Jâ—‘  Building project..[999D[Jâ—’  Building project..[999D[Jâ—  Building project..[999D[Jâ—“  Building project..[999D[Jâ—‘  Building project...[999D[Jâ—’  Building project...[999D[Jâ—  Building project...[999D[Jâ—“  Building project...[999D[Jâ—‘  Building project...[999D[Jâ—’  Building project...[999D[Jâ—  Building project...[999D[Jâ—“  Building project...[999D[Jâ—‘  Building project...[999D[Jâ—’  Building project[999D[Jâ—  Building project[999D[Jâ—“  Building project[999D[Jâ—‘  Building project[999D[Jâ—’  Building project[999D[Jâ—  Building project[999D[Jâ—“  Building project[999D[Jâ—‘  Building project[999D[Jâ—’  Building project.[999D[Jâ—  Building project.[999D[Jâ—“  Building project.[999D[Jâ—‘  Building project.[999D[Jâ—’  Building project.[999D[Jâ—  Building project.[999D[Jâ—“  Building project.[999D[Jâ—‘  Building project.[999D[Jâ—’  Building project..[999D[Jâ—  Building project..[999D[Jâ—“  Building project..[999D[Jâ—‘  Building project..[999D[Jâ—’  Building project..[999D[Jâ—  Building project..[999D[Jâ—“  Building project..[999D[Jâ—‘  Building project..[999D[Jâ—’  Building project...[999D[Jâ—  Building project...[999D[Jâ—“  Building project...[999D[Jâ—‘  Building project...[999D[Jâ—’  Building project...[999D[Jâ—  Building project...[999D[Jâ—“  Building project...[999D[Jâ—‘  Building project...[999D[Jâ—’  Building project...[999D[Jâ—  Building project[999D[Jâ—“  Building project[999D[Jâ—‘  Building project[999D[Jâ—’  Building project[999D[Jâ—  Building project[999D[Jâ—“  Building project[999D[Jâ—‘  Building project[999D[Jâ—’  Building project[999D[Jâ—  Building project.[999D[Jâ—“  Building project.[999D[Jâ—‘  Building project.[999D[Jâ—’  Building project.[999D[Jâ—  Building project.[999D[Jâ—“  Building project.[999D[Jâ—‘  Building project.[999D[Jâ—’  Building project.[999D[Jâ—  Building project..[999D[Jâ—“  Building project..[999D[Jâ—‘  Building project..[999D[Jâ—’  Building project..[999D[Jâ—  Building project..[999D[Jâ—“  Building project..[999D[Jâ—‘  Building project..[999D[Jâ—’  Building project..[999D[Jâ—  Building project...[999D[Jâ—“  Building project...[999D[Jâ—‘  Building project...[999D[Jâ—’  Building project...[999D[Jâ—  Building project...[999D[Jâ—“  Building project...[999D[Jâ—‘  Building project...[999D[Jâ—’  Building project...[999D[Jâ—  Building project...[999D[Jâ—“  Building project[999D[Jâ—‘  Building project[999D[Jâ—’  Building project[999D[Jâ—  Building project[999D[Jâ—“  Building project[999D[Jâ—‘  Building project[999D[Jâ—’  Building project[999D[Jâ—  Building project[999D[Jâ—“  Building project.[999D[Jâ—‘  Building project.[999D[Jâ—’  Building project.[999D[Jâ—  Building project.[999D[Jâ—“  Building project.[999D[Jâ—‘  Building project.[999D[Jâ—’  Building project.[999D[Jâ—  Building project.[999D[Jâ—“  Building project..[999D[Jâ—‘  Building project..[999D[Jâ—’  Building project..[999D[Jâ—  Building project..[999D[Jâ—“  Building project..[999D[Jâ—‘  Building project..[999D[Jâ—’  Building project..[999D[Jâ—  Building project..[999D[Jâ—“  Building project...[999D[Jâ—‘  Building project...[999D[Jâ—’  Building project...[999D[Jâ—  Building project...[999D[Jâ—“  Building project...[999D[Jâ—‘  Building project...[999D[Jâ—’  Building project...[999D[Jâ—  Building project...[999D[Jâ—“  Building project...[999D[Jâ—‘  Building project[999D[Jâ—’  Building project[999D[Jâ—  Building project[999D[Jâ—“  Building project[999D[Jâ—‘  Building project[999D[Jâ—’  Building project[999D[Jâ—  Building project[999D[Jâ—“  Building project[999D[Jâ—‘  Building project.[999D[Jâ—’  Building project.[999D[Jâ—  Building project.[999D[Jâ—“  Building project.[999D[Jâ—‘  Building project.[999D[Jâ—’  Building project.[999D[Jâ—  Building project.[999D[Jâ—“  Building project.[999D[Jâ—‘  Building project..[999D[Jâ—’  Building project..[999D[Jâ—  Building project..[999D[Jâ—“  Building project..[999D[Jâ—‘  Building project..[999D[Jâ—’  Building project..[999D[Jâ—  Building project..[999D[Jâ—“  Building project..[999D[Jâ—‘  Building project...[999D[Jâ—’  Building project...[999D[Jâ—  Building project...[999D[Jâ—“  Building project...[999D[Jâ—‘  Building project...[999D[Jâ—’  Building project...[999D[Jâ—  Building project...[999D[Jâ—“  Building project...[999D[Jâ—‘  Building project...[999D[Jâ—’  Building project[999D[Jâ—  Building project[999D[Jâ—“  Building project[999D[Jâ—‘  Building project[999D[Jâ—’  Building project[999D[Jâ—  Building project[999D[Jâ—“  Building project[999D[Jâ—‘  Building project[999D[Jâ—’  Building project.[999D[Jâ—  Building project.[999D[Jâ—“  Building project.[999D[Jâ—‘  Building project.[999D[Jâ—’  Building project.[999D[Jâ—  Building project.[999D[Jâ—“  Building project.[999D[Jâ—‘  Building project.[999D[Jâ—’  Building project..[999D[Jâ—  Building project..[999D[Jâ—“  Building project..[999D[Jâ—‘  Building project..[999D[Jâ—’  Building project..[999D[Jâ—  Building project..[999D[Jâ—“  Building project..[999D[Jâ—‘  Building project..[999D[Jâ—’  Building project...[999D[Jâ—  Building project...[999D[Jâ—“  Building project...[999D[Jâ—‘  Building project...[999D[Jâ—’  Building project...[999D[Jâ—  Building project...[999D[Jâ—“  Building project...[999D[Jâ—‘  Building project...[999D[Jâ—’  Building project...[999D[Jâ—  Building project[999D[Jâ—“  Building project[999D[Jâ—‘  Building project[999D[Jâ—’  Building project[999D[Jâ—  Building project[999D[Jâ—“  Building project[999D[Jâ—‘  Building project[999D[Jâ—’  Building project[999D[Jâ—  Building project.[999D[Jâ—“  Building project.[999D[Jâ—‘  Building project.[999D[Jâ—’  Building project.[999D[Jâ—  Building project.[999D[Jâ—“  Building project.[999D[Jâ—‘  Building project.[999D[Jâ—’  Building project.[999D[Jâ—  Building project..[999D[Jâ—“  Building project..[999D[Jâ—‘  Building project..[999D[Jâ—’  Building project..[999D[Jâ—  Building project..[999D[Jâ—“  Building project..[999D[Jâ—‘  Building project..[999D[Jâ—’  Building project..[999D[Jâ—  Building project...[999D[Jâ—“  Building project...[999D[Jâ—‘  Building project...[999D[Jâ—’  Building project...[999D[Jâ—  Building project...[999D[Jâ—“  Building project...[999D[Jâ—‘  Building project...[999D[Jâ—’  Building project...[999D[Jâ—  Building project...[999D[Jâ—“  Building project[999D[Jâ—‘  Building project[999D[Jâ—’  Building project[999D[Jâ—  Building project[999D[Jâ—“  Building project[999D[Jâ—‘  Building project[999D[Jâ—’  Building project[999D[Jâ—  Building project[999D[Jâ—“  Building project.[999D[Jâ—‘  Building project.[999D[Jâ—’  Building project.[999D[Jâ—  Building project.[999D[Jâ—“  Building project.[999D[Jâ—‘  Building project.[999D[Jâ—’  Building project.[999D[Jâ—  Building project.[999D[Jâ—“  Building project..[999D[Jâ—‘  Building project..[999D[Jâ—’  Building project..[999D[Jâ—  Building project..[999D[Jâ—“  Building project..[999D[Jâ—‡  [31mFailed to build project[39m
[?25h[2mstdout:[22m Creating an optimized production build...
 âœ“ Compiled successfully
   Skipping linting
   Checking validity of types...
[2mstderr:[22m $ next build
Failed to compile.

app/help/page.tsx
Type error: File '/home/ekazee/projects/Games/app/help/page.tsx' is not a module.

error: script "build" exited with code 1
[2025-08-02 09:28:20] ERROR: [36mBuild error: Failed to build project: $ next build
Failed to compile.

app/help/page.tsx
Type error: File '/home/ekazee/projects/Games/app/help/page.tsx' is not a module.

error: script "build" exited with code 1[39m
[2025-08-02 09:28:20] WARN: [36mBuild failed, but continuing with start. Some features may not work correctly.[39m
[2025-08-02 09:28:20] INFO: [36mUsing global @elizaos/server installation[39m
[2025-08-02 09:28:20] INFO: [36mLoaded @elizaos/server from global installation[39m
[2025-08-02 09:28:20] INFO: [36mSuccessfully loaded character from: /home/ekazee/projects/Games/characters/morgan-reese.json[39m
[2025-08-02 09:28:20] INFO: [36mSuccessfully loaded character: Morgan Reese[39m
[2025-08-02 09:28:20] INFO: [36m[INIT] Database Dir for SQL plugin: /home/ekazee/projects/Games/.eliza/.elizadb[39m
[2025-08-02 09:28:20] INFO: [36m[INIT] Running database migrations for messaging tables...[39m
[2025-08-02 09:28:20] INFO: [36mDatabaseMigrationService initialized with database[39m
[2025-08-02 09:28:20] INFO: [36mRegistered schema for plugin: @elizaos/plugin-sql[39m
[2025-08-02 09:28:20] INFO: [36mDiscovered 1 plugin schemas out of 1 plugins[39m
[2025-08-02 09:28:20] INFO: [36mRunning migrations for 1 plugins...[39m
[2025-08-02 09:28:20] INFO: [36mStarting migration for plugin: @elizaos/plugin-sql[39m
[2025-08-02 09:28:20] ERROR: [36m[CUSTOM MIGRATOR] Database connection failed: Aborted(). Build with -sASSERTIONS for more info.[39m
5678 |         migrationService.discoverAndRegisterPluginSchemas([sqlPlugin]);
5679 |         await migrationService.runAllPluginMigrations();
5680 |         logger29.success("[INIT] Database migrations completed successfully");
5681 |       } catch (migrationError) {
5682 |         logger29.error("[INIT] Failed to run database migrations:", migrationError);
5683 |         throw new Error(
                         ^
error: Database migration failed: Database connection failed: Aborted(). Build with -sASSERTIONS for more info.
      at initialize (/home/ekazee/node_modules/@elizaos/server/dist/index.js:5683:19)

      at <anonymous> (/home/ekazee/node_modules/@sentry/core/build/esm/instrument/console.js:36:14)
      at initialize (/home/ekazee/node_modules/@elizaos/server/dist/index.js:5696:15)
[2025-08-02 09:28:20] ERROR: [36m[CUSTOM MIGRATOR] Stack trace: RuntimeError: Aborted(). Build with -sASSERTIONS for more info.
    at abort (/home/ekazee/node_modules/@electric-sql/pglite/dist/index.js:1:79087)
    at unknown
    at unknown
    at unknown
    at unknown
    at <anonymous> (/home/ekazee/node_modules/@electric-sql/pglite/dist/index.js:3:232826)
    at processTicksAndRejections (native:7:39)[39m
[2025-08-02 09:28:20] ERROR: [36m[INIT] Failed to run database migrations:[39m
    [35mmessage[39m: "(Error) Database connection failed: Aborted(). Build with -sASSERTIONS for more info."
    [35mstack[39m: [
      "Error: Database connection failed: Aborted(). Build with -sASSERTIONS for more info.",
      "at runPluginMigrations (/home/ekazee/node_modules/@elizaos/plugin-sql/dist/index.js:4082:15)",
      "at processTicksAndRejections (native:7:39)"
    ]
[2025-08-02 09:28:20] ERROR: [36mFailed to initialize AgentServer (async operations):[39m
    [35mmessage[39m: "(Error) Database migration failed: Database connection failed: Aborted(). Build with -sASSERTIONS for more info."
    [35mstack[39m: [
      "Error: Database migration failed: Database connection failed: Aborted(). Build with -sASSERTIONS for more info.",
      "at initialize (/home/ekazee/node_modules/@elizaos/server/dist/index.js:5683:19)",
      "at processTicksAndRejections (native:7:39)"
    ]
[2025-08-02 09:28:20] ERROR: [36mAn error occurred:[39m
    [35mmessage[39m: "(Error) Database migration failed: Database connection failed: Aborted(). Build with -sASSERTIONS for more info."
    [35mstack[39m: [
      "Error: Database migration failed: Database connection failed: Aborted(). Build with -sASSERTIONS for more info.",
      "at initialize (/home/ekazee/node_modules/@elizaos/server/dist/index.js:5683:19)",
      "at processTicksAndRejections (native:7:39)"
    ]
[2025-08-02 09:28:20] ERROR: [36mError details: Database migration failed: Database connection failed: Aborted(). Build with -sASSERTIONS for more info.[39m
[2025-08-02 09:28:20] ERROR: [36mStack trace: Error: Database migration failed: Database connection failed: Aborted(). Build with -sASSERTIONS for more info.
    at initialize (/home/ekazee/node_modules/@elizaos/server/dist/index.js:5683:19)
    at processTicksAndRejections (native:7:39)[39m
